Incorrect Usage: flag provided but not defined: -cert-file

NAME:
   livekit-server - High performance WebRTC server

USAGE:
   livekit-server [global options] command [command options]

VERSION:
   1.9.0

DESCRIPTION:
   run without subcommands to start the server

COMMANDS:
   generate-keys  generates an API key and secret pair
   ports          print ports that server is configured to use
   list-nodes     list all nodes
   help-verbose   prints app help, including all generated configuration flags
   help, h        Shows a list of commands or help for one command

GLOBAL OPTIONS:
   --bind value [ --bind value ]  IP address to listen on, use flag multiple times to specify multiple addresses
   --config value                 path to LiveKit config file
   --config-body value            LiveKit config in YAML, typically passed in as an environment var in a container [$LIVEKIT_CONFIG]
   --key-file value               path to file that contains API keys/secrets
   --keys value                   api keys (key: secret\n) [$LIVEKIT_KEYS]
   --region value                 region of the current node. Used by regionaware node selector [$LIVEKIT_REGION]
   --node-ip value                IP address of the current node, used to advertise to clients. Automatically determined by default [$NODE_IP]
   --udp-port value               UDP port(s) to use for WebRTC traffic [$UDP_PORT]
   --redis-host value             host (incl. port) to redis server [$REDIS_HOST]
   --redis-password value         password to redis [$REDIS_PASSWORD]
   --turn-cert value              tls cert file for TURN server [$LIVEKIT_TURN_CERT]
   --turn-key value               tls key file for TURN server [$LIVEKIT_TURN_KEY]
   --memprofile file              write memory profile to file
   --dev                          sets log-level to debug, console formatter, and /debug/pprof. insecure for production (default: false)
   --help, -h                     show help
   --version, -v                  print the version
flag provided but not defined: -cert-file
